home
lala
user/add
user/index
user/index
user/add
user/index
user/add
user/add
user/add
user/index
user/add
user/index
user/add
user/index
user/add
user/index
user/add
user/index
user/17
user/17
test
test
tasfsdf
test
test
user/add
user/add
user/add
home
user/add
user/add
user/insert
users
users
login
teuzi/delete
teizi/delete
teizi/create
teizi/create
teizi/create
tiezi/create
tiezi/create
tiezi
tiezi
tiezi
tiezi
tiezi/create
tiezi/index
tiezi/create
tiezi/create
tiezi
tiezi/1
tiezi/1
tiezi/1
tiezi/1/edit
tiezi/22020/edit
tiezi/22020/edit
tiezi/edit
tiezi/22/edit
tiezi/22
tiezi/22/edit
tiezi/22
tiezi/22/edit
tiezi/30
request
request/name=lalala
request/name='lalal'
request
request
request
request
form
form
form
form
upload
form
upload
form
upload
form
upload
form
upload
form
upload
form
form
upload
form
upload
form
upload
tiezi/create
tiezi/create
tiezi/create
/
cookie
cookie
cookie
cookie
cookie
flash
get-flash
get-flash
flash
get-flash
flash
get-flash
get-flash
get-flash
flash
get-flash
flash
get-flash
get-flash
get-flash
get-flash
get-flash
get-flash
get-flash
get-flash
post-flash
user-2
user-2
user-2
user-2
response
response
response
response
views
views
views
views
views
views
views
views
views
views
views
views
views
views
views
views
views
views
views
views
views
views
views
views
views
views
views
views
views
views
views
page-1
page-1
page-1
page-2
page-2
page-2
page-2
page-2
page-2
page-2
page-2
page-2
page-2
page-2
page-2
page-2
page-2
page-2
page-2
control
control
control
control
control
control
select
trans
trans
trans
trans
_debugbar/assets/stylesheets
_debugbar/assets/javascript
trans
trans
_debugbar/assets/javascript

trans
_debugbar/assets/stylesheets
_debugbar/assets/javascript
select
select
select
_debugbar/assets/javascript
_debugbar/assets/stylesheets
select
select
_debugbar/assets/javascript
_debugbar/assets/stylesheets
insert
insert
_debugbar/assets/javascript
_debugbar/assets/stylesheets
insert
_debugbar/assets/stylesheets
_debugbar/assets/javascript
sekect
select
select
_debugbar/assets/stylesheets
_debugbar/assets/javascript
select
_debugbar/assets/stylesheets
_debugbar/assets/javascript
select
_debugbar/assets/javascript
_debugbar/assets/stylesheets
select
_debugbar/assets/stylesheets
_debugbar/assets/javascript
select
select
select
select
_debugbar/assets/stylesheets
_debugbar/assets/javascript
select
select
_debugbar/assets/javascript
_debugbar/assets/stylesheets
select
_debugbar/assets/stylesheets
_debugbar/assets/javascript
select
_debugbar/assets/javascript
_debugbar/assets/stylesheets
select
select
select
select
select
_debugbar/assets/stylesheets
_debugbar/assets/javascript
select
_debugbar/assets/stylesheets
_debugbar/assets/javascript
select
_debugbar/assets/stylesheets
_debugbar/assets/javascript
select
_debugbar/assets/stylesheets
_debugbar/assets/javascript
select
_debugbar/assets/stylesheets
_debugbar/assets/javascript
select
_debugbar/assets/javascript
_debugbar/assets/stylesheets
select
_debugbar/assets/stylesheets
_debugbar/assets/javascript
select
_debugbar/assets/javascript

select
_debugbar/assets/stylesheets
_debugbar/assets/javascript
select
_debugbar/assets/stylesheets
_debugbar/assets/javascript
select
_debugbar/assets/javascript
_debugbar/assets/stylesheets
select
select
select
select
_debugbar/assets/stylesheets
_debugbar/assets/javascript
select
_debugbar/assets/stylesheets
select
_debugbar/assets/javascript
_debugbar/assets/stylesheets
select
select
_debugbar/assets/stylesheets
_debugbar/assets/javascript
select
select
select
select
_debugbar/assets/stylesheets
_debugbar/assets/javascript
select
select
select
select
select
select
select
select
select
select
select
select
select
select
select
select
select
select
select
select
select
select
select
select
select
select
select
select
select
select
select
select
select
